{"/Users/dvogeleer/Desktop/dv_112358/experiments/boidsJS/lib/src/algorithms/FlowField.ts": {"path":"/Users/dvogeleer/Desktop/dv_112358/experiments/boidsJS/lib/src/algorithms/FlowField.ts","statementMap":{"0":{"start":{"line":12,"column":18},"end":{"line":12,"column":null}},"1":{"start":{"line":13,"column":18},"end":{"line":13,"column":null}},"2":{"start":{"line":14,"column":22},"end":{"line":14,"column":null}},"3":{"start":{"line":15,"column":22},"end":{"line":15,"column":null}},"4":{"start":{"line":16,"column":8},"end":{"line":16,"column":null}},"5":{"start":{"line":17,"column":8},"end":{"line":17,"column":null}}},"fnMap":{"0":{"name":"(anonymous_0)","decl":{"start":{"line":11,"column":4},"end":{"line":11,"column":10}},"loc":{"start":{"line":11,"column":80},"end":{"line":18,"column":null}},"line":11}},"branchMap":{},"s":{"0":1,"1":1,"2":1,"3":1,"4":1,"5":1},"f":{"0":1},"b":{},"meta":{"lastBranch":0,"lastFunction":1,"lastStatement":6,"seen":{"f:11:4:11:10":0,"s:12:18:12:Infinity":0,"s:13:18:13:Infinity":1,"s:14:22:14:Infinity":2,"s:15:22:15:Infinity":3,"s:16:8:16:Infinity":4,"s:17:8:17:Infinity":5}}}
,"/Users/dvogeleer/Desktop/dv_112358/experiments/boidsJS/lib/src/algorithms/Interactions.ts": {"path":"/Users/dvogeleer/Desktop/dv_112358/experiments/boidsJS/lib/src/algorithms/Interactions.ts","statementMap":{"0":{"start":{"line":7,"column":25},"end":{"line":7,"column":null}},"1":{"start":{"line":8,"column":20},"end":{"line":8,"column":null}},"2":{"start":{"line":9,"column":8},"end":{"line":17,"column":null}},"3":{"start":{"line":10,"column":22},"end":{"line":10,"column":null}},"4":{"start":{"line":11,"column":12},"end":{"line":16,"column":null}},"5":{"start":{"line":12,"column":29},"end":{"line":12,"column":null}},"6":{"start":{"line":13,"column":16},"end":{"line":13,"column":null}},"7":{"start":{"line":14,"column":16},"end":{"line":14,"column":null}},"8":{"start":{"line":15,"column":16},"end":{"line":15,"column":null}},"9":{"start":{"line":18,"column":8},"end":{"line":24,"column":null}},"10":{"start":{"line":19,"column":12},"end":{"line":19,"column":null}},"11":{"start":{"line":20,"column":12},"end":{"line":20,"column":null}},"12":{"start":{"line":21,"column":12},"end":{"line":21,"column":null}},"13":{"start":{"line":22,"column":12},"end":{"line":22,"column":null}},"14":{"start":{"line":23,"column":12},"end":{"line":23,"column":null}},"15":{"start":{"line":29,"column":37},"end":{"line":29,"column":null}},"16":{"start":{"line":30,"column":22},"end":{"line":30,"column":null}},"17":{"start":{"line":32,"column":8},"end":{"line":38,"column":null}},"18":{"start":{"line":33,"column":22},"end":{"line":33,"column":null}},"19":{"start":{"line":34,"column":12},"end":{"line":37,"column":null}},"20":{"start":{"line":35,"column":16},"end":{"line":35,"column":null}},"21":{"start":{"line":36,"column":16},"end":{"line":36,"column":null}},"22":{"start":{"line":40,"column":8},"end":{"line":46,"column":null}},"23":{"start":{"line":41,"column":28},"end":{"line":41,"column":null}},"24":{"start":{"line":42,"column":12},"end":{"line":42,"column":null}},"25":{"start":{"line":43,"column":26},"end":{"line":43,"column":null}},"26":{"start":{"line":44,"column":12},"end":{"line":44,"column":null}},"27":{"start":{"line":45,"column":12},"end":{"line":45,"column":null}}},"fnMap":{"0":{"name":"(anonymous_0)","decl":{"start":{"line":6,"column":11},"end":{"line":6,"column":16}},"loc":{"start":{"line":6,"column":69},"end":{"line":25,"column":null}},"line":6},"1":{"name":"(anonymous_1)","decl":{"start":{"line":28,"column":11},"end":{"line":28,"column":16}},"loc":{"start":{"line":28,"column":69},"end":{"line":47,"column":null}},"line":28}},"branchMap":{"0":{"loc":{"start":{"line":11,"column":12},"end":{"line":16,"column":null}},"type":"if","locations":[{"start":{"line":11,"column":12},"end":{"line":16,"column":null}},{"start":{},"end":{}}],"line":11},"1":{"loc":{"start":{"line":18,"column":8},"end":{"line":24,"column":null}},"type":"if","locations":[{"start":{"line":18,"column":8},"end":{"line":24,"column":null}},{"start":{},"end":{}}],"line":18},"2":{"loc":{"start":{"line":34,"column":12},"end":{"line":37,"column":null}},"type":"if","locations":[{"start":{"line":34,"column":12},"end":{"line":37,"column":null}},{"start":{},"end":{}}],"line":34},"3":{"loc":{"start":{"line":34,"column":16},"end":{"line":34,"column":43}},"type":"binary-expr","locations":[{"start":{"line":34,"column":16},"end":{"line":34,"column":30}},{"start":{"line":34,"column":30},"end":{"line":34,"column":43}}],"line":34},"4":{"loc":{"start":{"line":40,"column":8},"end":{"line":46,"column":null}},"type":"if","locations":[{"start":{"line":40,"column":8},"end":{"line":46,"column":null}},{"start":{},"end":{}}],"line":40}},"s":{"0":2,"1":2,"2":2,"3":2,"4":2,"5":1,"6":1,"7":1,"8":1,"9":2,"10":1,"11":1,"12":1,"13":1,"14":1,"15":2,"16":2,"17":2,"18":3,"19":3,"20":2,"21":2,"22":2,"23":1,"24":1,"25":1,"26":1,"27":1},"f":{"0":2,"1":2},"b":{"0":[1,1],"1":[1,1],"2":[2,1],"3":[3,2],"4":[1,1]},"meta":{"lastBranch":5,"lastFunction":2,"lastStatement":28,"seen":{"f:6:11:6:16":0,"s:7:25:7:Infinity":0,"s:8:20:8:Infinity":1,"s:9:8:17:Infinity":2,"s:10:22:10:Infinity":3,"b:11:12:16:Infinity:undefined:undefined:undefined:undefined":0,"s:11:12:16:Infinity":4,"s:12:29:12:Infinity":5,"s:13:16:13:Infinity":6,"s:14:16:14:Infinity":7,"s:15:16:15:Infinity":8,"b:18:8:24:Infinity:undefined:undefined:undefined:undefined":1,"s:18:8:24:Infinity":9,"s:19:12:19:Infinity":10,"s:20:12:20:Infinity":11,"s:21:12:21:Infinity":12,"s:22:12:22:Infinity":13,"s:23:12:23:Infinity":14,"f:28:11:28:16":1,"s:29:37:29:Infinity":15,"s:30:22:30:Infinity":16,"s:32:8:38:Infinity":17,"s:33:22:33:Infinity":18,"b:34:12:37:Infinity:undefined:undefined:undefined:undefined":2,"s:34:12:37:Infinity":19,"b:34:16:34:30:34:30:34:43":3,"s:35:16:35:Infinity":20,"s:36:16:36:Infinity":21,"b:40:8:46:Infinity:undefined:undefined:undefined:undefined":4,"s:40:8:46:Infinity":22,"s:41:28:41:Infinity":23,"s:42:12:42:Infinity":24,"s:43:26:43:Infinity":25,"s:44:12:44:Infinity":26,"s:45:12:45:Infinity":27}}}
,"/Users/dvogeleer/Desktop/dv_112358/experiments/boidsJS/lib/src/algorithms/OptimizedReynolds.ts": {"path":"/Users/dvogeleer/Desktop/dv_112358/experiments/boidsJS/lib/src/algorithms/OptimizedReynolds.ts","statementMap":{"0":{"start":{"line":7,"column":25},"end":{"line":7,"column":null}},"1":{"start":{"line":9,"column":34},"end":{"line":17,"column":null}},"2":{"start":{"line":10,"column":31},"end":{"line":10,"column":45}},"3":{"start":{"line":12,"column":27},"end":{"line":12,"column":null}},"4":{"start":{"line":13,"column":16},"end":{"line":13,"column":null}},"5":{"start":{"line":15,"column":31},"end":{"line":15,"column":50}},"6":{"start":{"line":16,"column":28},"end":{"line":16,"column":39}},"7":{"start":{"line":19,"column":24},"end":{"line":19,"column":null}},"8":{"start":{"line":19,"column":57},"end":{"line":19,"column":67}},"9":{"start":{"line":20,"column":8},"end":{"line":20,"column":null}}},"fnMap":{"0":{"name":"(anonymous_0)","decl":{"start":{"line":6,"column":11},"end":{"line":6,"column":17}},"loc":{"start":{"line":6,"column":80},"end":{"line":21,"column":null}},"line":6},"1":{"name":"(anonymous_1)","decl":{"start":{"line":10,"column":20},"end":{"line":10,"column":21}},"loc":{"start":{"line":10,"column":31},"end":{"line":10,"column":45}},"line":10},"2":{"name":"(anonymous_2)","decl":{"start":{"line":11,"column":17},"end":{"line":11,"column":18}},"loc":{"start":{"line":11,"column":28},"end":{"line":14,"column":13}},"line":11},"3":{"name":"(anonymous_3)","decl":{"start":{"line":15,"column":20},"end":{"line":15,"column":21}},"loc":{"start":{"line":15,"column":31},"end":{"line":15,"column":50}},"line":15},"4":{"name":"(anonymous_4)","decl":{"start":{"line":16,"column":18},"end":{"line":16,"column":19}},"loc":{"start":{"line":16,"column":28},"end":{"line":16,"column":39}},"line":16},"5":{"name":"(anonymous_5)","decl":{"start":{"line":19,"column":46},"end":{"line":19,"column":47}},"loc":{"start":{"line":19,"column":57},"end":{"line":19,"column":67}},"line":19}},"branchMap":{},"s":{"0":1,"1":1,"2":11,"3":10,"4":10,"5":10,"6":9,"7":1,"8":7,"9":1},"f":{"0":2,"1":11,"2":10,"3":10,"4":9,"5":7},"b":{},"meta":{"lastBranch":0,"lastFunction":6,"lastStatement":10,"seen":{"f:6:11:6:17":0,"s:7:25:7:Infinity":0,"s:9:34:17:Infinity":1,"f:10:20:10:21":1,"s:10:31:10:45":2,"f:11:17:11:18":2,"s:12:27:12:Infinity":3,"s:13:16:13:Infinity":4,"f:15:20:15:21":3,"s:15:31:15:50":5,"f:16:18:16:19":4,"s:16:28:16:39":6,"s:19:24:19:Infinity":7,"f:19:46:19:47":5,"s:19:57:19:67":8,"s:20:8:20:Infinity":9}}}
,"/Users/dvogeleer/Desktop/dv_112358/experiments/boidsJS/lib/src/algorithms/Reynolds.ts": {"path":"/Users/dvogeleer/Desktop/dv_112358/experiments/boidsJS/lib/src/algorithms/Reynolds.ts","statementMap":{"0":{"start":{"line":13,"column":25},"end":{"line":13,"column":null}},"1":{"start":{"line":14,"column":20},"end":{"line":14,"column":null}},"2":{"start":{"line":15,"column":8},"end":{"line":21,"column":null}},"3":{"start":{"line":16,"column":22},"end":{"line":16,"column":null}},"4":{"start":{"line":17,"column":12},"end":{"line":20,"column":null}},"5":{"start":{"line":18,"column":16},"end":{"line":18,"column":null}},"6":{"start":{"line":19,"column":16},"end":{"line":19,"column":null}},"7":{"start":{"line":22,"column":8},"end":{"line":27,"column":null}},"8":{"start":{"line":23,"column":12},"end":{"line":23,"column":null}},"9":{"start":{"line":24,"column":12},"end":{"line":24,"column":null}},"10":{"start":{"line":25,"column":12},"end":{"line":25,"column":null}},"11":{"start":{"line":26,"column":12},"end":{"line":26,"column":null}},"12":{"start":{"line":28,"column":8},"end":{"line":28,"column":null}},"13":{"start":{"line":32,"column":25},"end":{"line":32,"column":null}},"14":{"start":{"line":33,"column":20},"end":{"line":33,"column":null}},"15":{"start":{"line":34,"column":8},"end":{"line":40,"column":null}},"16":{"start":{"line":35,"column":22},"end":{"line":35,"column":null}},"17":{"start":{"line":36,"column":12},"end":{"line":39,"column":null}},"18":{"start":{"line":37,"column":16},"end":{"line":37,"column":null}},"19":{"start":{"line":38,"column":16},"end":{"line":38,"column":null}},"20":{"start":{"line":41,"column":8},"end":{"line":47,"column":null}},"21":{"start":{"line":42,"column":12},"end":{"line":42,"column":null}},"22":{"start":{"line":43,"column":12},"end":{"line":43,"column":null}},"23":{"start":{"line":44,"column":12},"end":{"line":44,"column":null}},"24":{"start":{"line":45,"column":12},"end":{"line":45,"column":null}},"25":{"start":{"line":46,"column":12},"end":{"line":46,"column":null}},"26":{"start":{"line":48,"column":8},"end":{"line":48,"column":null}},"27":{"start":{"line":52,"column":25},"end":{"line":52,"column":null}},"28":{"start":{"line":53,"column":20},"end":{"line":53,"column":null}},"29":{"start":{"line":54,"column":8},"end":{"line":62,"column":null}},"30":{"start":{"line":55,"column":22},"end":{"line":55,"column":null}},"31":{"start":{"line":56,"column":12},"end":{"line":61,"column":null}},"32":{"start":{"line":57,"column":29},"end":{"line":57,"column":null}},"33":{"start":{"line":58,"column":16},"end":{"line":58,"column":null}},"34":{"start":{"line":59,"column":16},"end":{"line":59,"column":null}},"35":{"start":{"line":60,"column":16},"end":{"line":60,"column":null}},"36":{"start":{"line":63,"column":8},"end":{"line":68,"column":null}},"37":{"start":{"line":64,"column":12},"end":{"line":64,"column":null}},"38":{"start":{"line":65,"column":12},"end":{"line":65,"column":null}},"39":{"start":{"line":66,"column":12},"end":{"line":66,"column":null}},"40":{"start":{"line":67,"column":12},"end":{"line":67,"column":null}},"41":{"start":{"line":69,"column":8},"end":{"line":69,"column":null}},"42":{"start":{"line":73,"column":26},"end":{"line":73,"column":null}},"43":{"start":{"line":74,"column":25},"end":{"line":74,"column":null}},"44":{"start":{"line":75,"column":27},"end":{"line":75,"column":null}},"45":{"start":{"line":77,"column":8},"end":{"line":77,"column":null}},"46":{"start":{"line":78,"column":8},"end":{"line":78,"column":null}},"47":{"start":{"line":79,"column":8},"end":{"line":79,"column":null}},"48":{"start":{"line":81,"column":8},"end":{"line":81,"column":null}},"49":{"start":{"line":82,"column":8},"end":{"line":82,"column":null}},"50":{"start":{"line":83,"column":8},"end":{"line":83,"column":null}}},"fnMap":{"0":{"name":"(anonymous_0)","decl":{"start":{"line":12,"column":11},"end":{"line":12,"column":17}},"loc":{"start":{"line":12,"column":72},"end":{"line":29,"column":null}},"line":12},"1":{"name":"(anonymous_1)","decl":{"start":{"line":31,"column":11},"end":{"line":31,"column":20}},"loc":{"start":{"line":31,"column":75},"end":{"line":49,"column":null}},"line":31},"2":{"name":"(anonymous_2)","decl":{"start":{"line":51,"column":11},"end":{"line":51,"column":22}},"loc":{"start":{"line":51,"column":77},"end":{"line":70,"column":null}},"line":51},"3":{"name":"(anonymous_3)","decl":{"start":{"line":72,"column":11},"end":{"line":72,"column":17}},"loc":{"start":{"line":72,"column":80},"end":{"line":84,"column":null}},"line":72}},"branchMap":{"0":{"loc":{"start":{"line":17,"column":12},"end":{"line":20,"column":null}},"type":"if","locations":[{"start":{"line":17,"column":12},"end":{"line":20,"column":null}},{"start":{},"end":{}}],"line":17},"1":{"loc":{"start":{"line":17,"column":16},"end":{"line":17,"column":46}},"type":"binary-expr","locations":[{"start":{"line":17,"column":16},"end":{"line":17,"column":34}},{"start":{"line":17,"column":34},"end":{"line":17,"column":46}}],"line":17},"2":{"loc":{"start":{"line":22,"column":8},"end":{"line":27,"column":null}},"type":"if","locations":[{"start":{"line":22,"column":8},"end":{"line":27,"column":null}},{"start":{},"end":{}}],"line":22},"3":{"loc":{"start":{"line":36,"column":12},"end":{"line":39,"column":null}},"type":"if","locations":[{"start":{"line":36,"column":12},"end":{"line":39,"column":null}},{"start":{},"end":{}}],"line":36},"4":{"loc":{"start":{"line":36,"column":16},"end":{"line":36,"column":46}},"type":"binary-expr","locations":[{"start":{"line":36,"column":16},"end":{"line":36,"column":34}},{"start":{"line":36,"column":34},"end":{"line":36,"column":46}}],"line":36},"5":{"loc":{"start":{"line":41,"column":8},"end":{"line":47,"column":null}},"type":"if","locations":[{"start":{"line":41,"column":8},"end":{"line":47,"column":null}},{"start":{},"end":{}}],"line":41},"6":{"loc":{"start":{"line":56,"column":12},"end":{"line":61,"column":null}},"type":"if","locations":[{"start":{"line":56,"column":12},"end":{"line":61,"column":null}},{"start":{},"end":{}}],"line":56},"7":{"loc":{"start":{"line":56,"column":16},"end":{"line":56,"column":46}},"type":"binary-expr","locations":[{"start":{"line":56,"column":16},"end":{"line":56,"column":34}},{"start":{"line":56,"column":34},"end":{"line":56,"column":46}}],"line":56},"8":{"loc":{"start":{"line":63,"column":8},"end":{"line":68,"column":null}},"type":"if","locations":[{"start":{"line":63,"column":8},"end":{"line":68,"column":null}},{"start":{},"end":{}}],"line":63}},"s":{"0":4,"1":4,"2":4,"3":15,"4":15,"5":11,"6":11,"7":4,"8":3,"9":3,"10":3,"11":3,"12":4,"13":4,"14":4,"15":4,"16":15,"17":15,"18":11,"19":11,"20":4,"21":3,"22":3,"23":3,"24":3,"25":3,"26":4,"27":4,"28":4,"29":4,"30":13,"31":13,"32":10,"33":10,"34":10,"35":10,"36":4,"37":3,"38":3,"39":3,"40":3,"41":4,"42":3,"43":3,"44":3,"45":3,"46":3,"47":3,"48":3,"49":3,"50":3},"f":{"0":2,"1":2,"2":2,"3":2},"b":{"0":[11,4],"1":[15,12],"2":[3,1],"3":[11,4],"4":[15,12],"5":[3,1],"6":[10,3],"7":[13,10],"8":[3,1]},"meta":{"lastBranch":9,"lastFunction":4,"lastStatement":51,"seen":{"f:12:11:12:17":0,"s:13:25:13:Infinity":0,"s:14:20:14:Infinity":1,"s:15:8:21:Infinity":2,"s:16:22:16:Infinity":3,"b:17:12:20:Infinity:undefined:undefined:undefined:undefined":0,"s:17:12:20:Infinity":4,"b:17:16:17:34:17:34:17:46":1,"s:18:16:18:Infinity":5,"s:19:16:19:Infinity":6,"b:22:8:27:Infinity:undefined:undefined:undefined:undefined":2,"s:22:8:27:Infinity":7,"s:23:12:23:Infinity":8,"s:24:12:24:Infinity":9,"s:25:12:25:Infinity":10,"s:26:12:26:Infinity":11,"s:28:8:28:Infinity":12,"f:31:11:31:20":1,"s:32:25:32:Infinity":13,"s:33:20:33:Infinity":14,"s:34:8:40:Infinity":15,"s:35:22:35:Infinity":16,"b:36:12:39:Infinity:undefined:undefined:undefined:undefined":3,"s:36:12:39:Infinity":17,"b:36:16:36:34:36:34:36:46":4,"s:37:16:37:Infinity":18,"s:38:16:38:Infinity":19,"b:41:8:47:Infinity:undefined:undefined:undefined:undefined":5,"s:41:8:47:Infinity":20,"s:42:12:42:Infinity":21,"s:43:12:43:Infinity":22,"s:44:12:44:Infinity":23,"s:45:12:45:Infinity":24,"s:46:12:46:Infinity":25,"s:48:8:48:Infinity":26,"f:51:11:51:22":2,"s:52:25:52:Infinity":27,"s:53:20:53:Infinity":28,"s:54:8:62:Infinity":29,"s:55:22:55:Infinity":30,"b:56:12:61:Infinity:undefined:undefined:undefined:undefined":6,"s:56:12:61:Infinity":31,"b:56:16:56:34:56:34:56:46":7,"s:57:29:57:Infinity":32,"s:58:16:58:Infinity":33,"s:59:16:59:Infinity":34,"s:60:16:60:Infinity":35,"b:63:8:68:Infinity:undefined:undefined:undefined:undefined":8,"s:63:8:68:Infinity":36,"s:64:12:64:Infinity":37,"s:65:12:65:Infinity":38,"s:66:12:66:Infinity":39,"s:67:12:67:Infinity":40,"s:69:8:69:Infinity":41,"f:72:11:72:17":3,"s:73:26:73:Infinity":42,"s:74:25:74:Infinity":43,"s:75:27:75:Infinity":44,"s:77:8:77:Infinity":45,"s:78:8:78:Infinity":46,"s:79:8:79:Infinity":47,"s:81:8:81:Infinity":48,"s:82:8:82:Infinity":49,"s:83:8:83:Infinity":50}}}
,"/Users/dvogeleer/Desktop/dv_112358/experiments/boidsJS/lib/src/core/Boid.ts": {"path":"/Users/dvogeleer/Desktop/dv_112358/experiments/boidsJS/lib/src/core/Boid.ts","statementMap":{"0":{"start":{"line":25,"column":8},"end":{"line":25,"column":null}},"1":{"start":{"line":26,"column":8},"end":{"line":26,"column":null}},"2":{"start":{"line":27,"column":8},"end":{"line":27,"column":null}},"3":{"start":{"line":28,"column":8},"end":{"line":28,"column":null}},"4":{"start":{"line":29,"column":8},"end":{"line":29,"column":null}},"5":{"start":{"line":30,"column":8},"end":{"line":30,"column":null}},"6":{"start":{"line":31,"column":8},"end":{"line":31,"column":null}},"7":{"start":{"line":32,"column":8},"end":{"line":32,"column":null}},"8":{"start":{"line":36,"column":8},"end":{"line":36,"column":null}},"9":{"start":{"line":40,"column":8},"end":{"line":40,"column":null}},"10":{"start":{"line":41,"column":8},"end":{"line":41,"column":null}},"11":{"start":{"line":44,"column":8},"end":{"line":46,"column":null}},"12":{"start":{"line":45,"column":12},"end":{"line":45,"column":null}},"13":{"start":{"line":48,"column":8},"end":{"line":48,"column":null}},"14":{"start":{"line":49,"column":8},"end":{"line":49,"column":null}},"15":{"start":{"line":53,"column":8},"end":{"line":57,"column":null}},"16":{"start":{"line":54,"column":12},"end":{"line":54,"column":null}},"17":{"start":{"line":55,"column":8},"end":{"line":57,"column":null}},"18":{"start":{"line":56,"column":12},"end":{"line":56,"column":null}},"19":{"start":{"line":59,"column":8},"end":{"line":63,"column":null}},"20":{"start":{"line":60,"column":12},"end":{"line":60,"column":null}},"21":{"start":{"line":61,"column":8},"end":{"line":63,"column":null}},"22":{"start":{"line":62,"column":12},"end":{"line":62,"column":null}}},"fnMap":{"0":{"name":"(anonymous_0)","decl":{"start":{"line":24,"column":4},"end":{"line":24,"column":16}},"loc":{"start":{"line":24,"column":38},"end":{"line":33,"column":null}},"line":24},"1":{"name":"(anonymous_1)","decl":{"start":{"line":35,"column":4},"end":{"line":35,"column":15}},"loc":{"start":{"line":35,"column":30},"end":{"line":37,"column":null}},"line":35},"2":{"name":"(anonymous_2)","decl":{"start":{"line":39,"column":4},"end":{"line":39,"column":13}},"loc":{"start":{"line":39,"column":13},"end":{"line":50,"column":null}},"line":39},"3":{"name":"(anonymous_3)","decl":{"start":{"line":52,"column":4},"end":{"line":52,"column":10}},"loc":{"start":{"line":52,"column":41},"end":{"line":64,"column":null}},"line":52}},"branchMap":{"0":{"loc":{"start":{"line":44,"column":8},"end":{"line":46,"column":null}},"type":"if","locations":[{"start":{"line":44,"column":8},"end":{"line":46,"column":null}},{"start":{},"end":{}}],"line":44},"1":{"loc":{"start":{"line":44,"column":12},"end":{"line":44,"column":70}},"type":"binary-expr","locations":[{"start":{"line":44,"column":12},"end":{"line":44,"column":51}},{"start":{"line":44,"column":51},"end":{"line":44,"column":70}}],"line":44},"2":{"loc":{"start":{"line":53,"column":8},"end":{"line":57,"column":null}},"type":"if","locations":[{"start":{"line":53,"column":8},"end":{"line":57,"column":null}},{"start":{"line":55,"column":8},"end":{"line":57,"column":null}}],"line":53},"3":{"loc":{"start":{"line":55,"column":8},"end":{"line":57,"column":null}},"type":"if","locations":[{"start":{"line":55,"column":8},"end":{"line":57,"column":null}},{"start":{},"end":{}}],"line":55},"4":{"loc":{"start":{"line":59,"column":8},"end":{"line":63,"column":null}},"type":"if","locations":[{"start":{"line":59,"column":8},"end":{"line":63,"column":null}},{"start":{"line":61,"column":8},"end":{"line":63,"column":null}}],"line":59},"5":{"loc":{"start":{"line":61,"column":8},"end":{"line":63,"column":null}},"type":"if","locations":[{"start":{"line":61,"column":8},"end":{"line":63,"column":null}},{"start":{},"end":{}}],"line":61}},"s":{"0":89,"1":89,"2":89,"3":89,"4":89,"5":89,"6":89,"7":89,"8":5,"9":5,"10":5,"11":5,"12":1,"13":5,"14":5,"15":6,"16":1,"17":5,"18":1,"19":6,"20":1,"21":5,"22":1},"f":{"0":89,"1":5,"2":5,"3":6},"b":{"0":[1,4],"1":[5,1],"2":[1,5],"3":[1,4],"4":[1,5],"5":[1,4]},"meta":{"lastBranch":6,"lastFunction":4,"lastStatement":23,"seen":{"f:24:4:24:16":0,"s:25:8:25:Infinity":0,"s:26:8:26:Infinity":1,"s:27:8:27:Infinity":2,"s:28:8:28:Infinity":3,"s:29:8:29:Infinity":4,"s:30:8:30:Infinity":5,"s:31:8:31:Infinity":6,"s:32:8:32:Infinity":7,"f:35:4:35:15":1,"s:36:8:36:Infinity":8,"f:39:4:39:13":2,"s:40:8:40:Infinity":9,"s:41:8:41:Infinity":10,"b:44:8:46:Infinity:undefined:undefined:undefined:undefined":0,"s:44:8:46:Infinity":11,"b:44:12:44:51:44:51:44:70":1,"s:45:12:45:Infinity":12,"s:48:8:48:Infinity":13,"s:49:8:49:Infinity":14,"f:52:4:52:10":3,"b:53:8:57:Infinity:55:8:57:Infinity":2,"s:53:8:57:Infinity":15,"s:54:12:54:Infinity":16,"b:55:8:57:Infinity:undefined:undefined:undefined:undefined":3,"s:55:8:57:Infinity":17,"s:56:12:56:Infinity":18,"b:59:8:63:Infinity:61:8:63:Infinity":4,"s:59:8:63:Infinity":19,"s:60:12:60:Infinity":20,"b:61:8:63:Infinity:undefined:undefined:undefined:undefined":5,"s:61:8:63:Infinity":21,"s:62:12:62:Infinity":22}}}
,"/Users/dvogeleer/Desktop/dv_112358/experiments/boidsJS/lib/src/core/Engine.ts": {"path":"/Users/dvogeleer/Desktop/dv_112358/experiments/boidsJS/lib/src/core/Engine.ts","statementMap":{"0":{"start":{"line":38,"column":20},"end":{"line":38,"column":null}},"1":{"start":{"line":39,"column":24},"end":{"line":39,"column":null}},"2":{"start":{"line":42,"column":23},"end":{"line":42,"column":null}},"3":{"start":{"line":43,"column":12},"end":{"line":43,"column":null}},"4":{"start":{"line":44,"column":12},"end":{"line":44,"column":null}},"5":{"start":{"line":45,"column":13},"end":{"line":45,"column":null}},"6":{"start":{"line":47,"column":23},"end":{"line":47,"column":47}},"7":{"start":{"line":48,"column":8},"end":{"line":48,"column":null}},"8":{"start":{"line":49,"column":8},"end":{"line":49,"column":null}},"9":{"start":{"line":52,"column":8},"end":{"line":52,"column":null}},"10":{"start":{"line":53,"column":8},"end":{"line":53,"column":null}},"11":{"start":{"line":54,"column":8},"end":{"line":54,"column":null}},"12":{"start":{"line":55,"column":8},"end":{"line":55,"column":null}},"13":{"start":{"line":56,"column":8},"end":{"line":56,"column":null}},"14":{"start":{"line":57,"column":8},"end":{"line":57,"column":null}},"15":{"start":{"line":58,"column":8},"end":{"line":58,"column":null}},"16":{"start":{"line":59,"column":8},"end":{"line":59,"column":null}},"17":{"start":{"line":60,"column":8},"end":{"line":60,"column":null}},"18":{"start":{"line":61,"column":8},"end":{"line":61,"column":null}},"19":{"start":{"line":62,"column":8},"end":{"line":62,"column":null}},"20":{"start":{"line":63,"column":8},"end":{"line":63,"column":null}},"21":{"start":{"line":64,"column":8},"end":{"line":64,"column":null}},"22":{"start":{"line":65,"column":8},"end":{"line":65,"column":null}},"23":{"start":{"line":67,"column":8},"end":{"line":72,"column":null}},"24":{"start":{"line":73,"column":8},"end":{"line":76,"column":null}},"25":{"start":{"line":78,"column":8},"end":{"line":78,"column":null}},"26":{"start":{"line":79,"column":8},"end":{"line":79,"column":null}},"27":{"start":{"line":83,"column":8},"end":{"line":87,"column":null}},"28":{"start":{"line":84,"column":25},"end":{"line":84,"column":null}},"29":{"start":{"line":85,"column":12},"end":{"line":85,"column":null}},"30":{"start":{"line":86,"column":12},"end":{"line":86,"column":null}},"31":{"start":{"line":89,"column":8},"end":{"line":92,"column":null}},"32":{"start":{"line":90,"column":12},"end":{"line":90,"column":null}},"33":{"start":{"line":91,"column":12},"end":{"line":91,"column":null}},"34":{"start":{"line":96,"column":8},"end":{"line":96,"column":null}},"35":{"start":{"line":97,"column":8},"end":{"line":99,"column":null}},"36":{"start":{"line":97,"column":21},"end":{"line":97,"column":24}},"37":{"start":{"line":98,"column":12},"end":{"line":98,"column":null}},"38":{"start":{"line":101,"column":8},"end":{"line":101,"column":null}},"39":{"start":{"line":102,"column":8},"end":{"line":107,"column":null}},"40":{"start":{"line":102,"column":21},"end":{"line":102,"column":24}},"41":{"start":{"line":103,"column":25},"end":{"line":103,"column":null}},"42":{"start":{"line":104,"column":12},"end":{"line":104,"column":null}},"43":{"start":{"line":105,"column":12},"end":{"line":105,"column":null}},"44":{"start":{"line":106,"column":12},"end":{"line":106,"column":null}},"45":{"start":{"line":111,"column":8},"end":{"line":120,"column":null}},"46":{"start":{"line":125,"column":8},"end":{"line":156,"column":null}},"47":{"start":{"line":126,"column":12},"end":{"line":132,"column":null}},"48":{"start":{"line":127,"column":16},"end":{"line":127,"column":null}},"49":{"start":{"line":128,"column":12},"end":{"line":132,"column":null}},"50":{"start":{"line":129,"column":16},"end":{"line":129,"column":null}},"51":{"start":{"line":130,"column":12},"end":{"line":132,"column":null}},"52":{"start":{"line":131,"column":16},"end":{"line":131,"column":null}},"53":{"start":{"line":135,"column":12},"end":{"line":139,"column":null}},"54":{"start":{"line":136,"column":16},"end":{"line":136,"column":null}},"55":{"start":{"line":137,"column":12},"end":{"line":139,"column":null}},"56":{"start":{"line":138,"column":16},"end":{"line":138,"column":null}},"57":{"start":{"line":142,"column":12},"end":{"line":144,"column":null}},"58":{"start":{"line":143,"column":16},"end":{"line":143,"column":null}},"59":{"start":{"line":146,"column":12},"end":{"line":146,"column":null}},"60":{"start":{"line":149,"column":12},"end":{"line":149,"column":null}},"61":{"start":{"line":150,"column":12},"end":{"line":150,"column":null}},"62":{"start":{"line":151,"column":12},"end":{"line":151,"column":null}},"63":{"start":{"line":152,"column":12},"end":{"line":152,"column":null}},"64":{"start":{"line":153,"column":12},"end":{"line":153,"column":null}},"65":{"start":{"line":155,"column":12},"end":{"line":155,"column":null}},"66":{"start":{"line":159,"column":8},"end":{"line":168,"column":null}},"67":{"start":{"line":161,"column":12},"end":{"line":161,"column":null}},"68":{"start":{"line":161,"column":56},"end":{"line":161,"column":66}},"69":{"start":{"line":164,"column":12},"end":{"line":164,"column":null}},"70":{"start":{"line":166,"column":12},"end":{"line":166,"column":null}},"71":{"start":{"line":167,"column":12},"end":{"line":167,"column":null}},"72":{"start":{"line":170,"column":8},"end":{"line":170,"column":null}},"73":{"start":{"line":174,"column":8},"end":{"line":174,"column":null}},"74":{"start":{"line":176,"column":8},"end":{"line":184,"column":null}},"75":{"start":{"line":177,"column":12},"end":{"line":183,"column":null}},"76":{"start":{"line":186,"column":8},"end":{"line":195,"column":null}},"77":{"start":{"line":187,"column":12},"end":{"line":194,"column":null}},"78":{"start":{"line":197,"column":8},"end":{"line":199,"column":null}},"79":{"start":{"line":198,"column":12},"end":{"line":198,"column":null}},"80":{"start":{"line":201,"column":8},"end":{"line":203,"column":null}},"81":{"start":{"line":202,"column":12},"end":{"line":202,"column":null}},"82":{"start":{"line":207,"column":8},"end":{"line":207,"column":null}},"83":{"start":{"line":208,"column":8},"end":{"line":208,"column":null}},"84":{"start":{"line":209,"column":8},"end":{"line":211,"column":null}},"85":{"start":{"line":210,"column":12},"end":{"line":210,"column":null}},"86":{"start":{"line":212,"column":8},"end":{"line":212,"column":null}},"87":{"start":{"line":212,"column":36},"end":{"line":212,"column":46}}},"fnMap":{"0":{"name":"(anonymous_0)","decl":{"start":{"line":47,"column":4},"end":{"line":47,"column":23}},"loc":{"start":{"line":47,"column":47},"end":{"line":80,"column":null}},"line":47},"1":{"name":"(anonymous_1)","decl":{"start":{"line":82,"column":12},"end":{"line":82,"column":34}},"loc":{"start":{"line":82,"column":34},"end":{"line":93,"column":null}},"line":82},"2":{"name":"(anonymous_2)","decl":{"start":{"line":83,"column":58},"end":{"line":83,"column":59}},"loc":{"start":{"line":83,"column":65},"end":{"line":87,"column":9}},"line":83},"3":{"name":"(anonymous_3)","decl":{"start":{"line":89,"column":59},"end":{"line":89,"column":65}},"loc":{"start":{"line":89,"column":65},"end":{"line":92,"column":9}},"line":89},"4":{"name":"(anonymous_4)","decl":{"start":{"line":95,"column":4},"end":{"line":95,"column":11}},"loc":{"start":{"line":95,"column":11},"end":{"line":108,"column":null}},"line":95},"5":{"name":"(anonymous_5)","decl":{"start":{"line":110,"column":12},"end":{"line":110,"column":23}},"loc":{"start":{"line":110,"column":44},"end":{"line":121,"column":null}},"line":110},"6":{"name":"(anonymous_6)","decl":{"start":{"line":123,"column":4},"end":{"line":123,"column":13}},"loc":{"start":{"line":123,"column":13},"end":{"line":171,"column":null}},"line":123},"7":{"name":"(anonymous_7)","decl":{"start":{"line":161,"column":51},"end":{"line":161,"column":56}},"loc":{"start":{"line":161,"column":56},"end":{"line":161,"column":66}},"line":161},"8":{"name":"(anonymous_8)","decl":{"start":{"line":173,"column":4},"end":{"line":173,"column":13}},"loc":{"start":{"line":173,"column":13},"end":{"line":204,"column":null}},"line":173},"9":{"name":"(anonymous_9)","decl":{"start":{"line":206,"column":4},"end":{"line":206,"column":10}},"loc":{"start":{"line":206,"column":10},"end":{"line":213,"column":null}},"line":206},"10":{"name":"(anonymous_10)","decl":{"start":{"line":212,"column":30},"end":{"line":212,"column":36}},"loc":{"start":{"line":212,"column":36},"end":{"line":212,"column":46}},"line":212}},"branchMap":{"0":{"loc":{"start":{"line":52,"column":33},"end":{"line":52,"column":null}},"type":"binary-expr","locations":[{"start":{"line":52,"column":33},"end":{"line":52,"column":54}},{"start":{"line":52,"column":54},"end":{"line":52,"column":null}}],"line":52},"1":{"loc":{"start":{"line":53,"column":29},"end":{"line":53,"column":null}},"type":"binary-expr","locations":[{"start":{"line":53,"column":29},"end":{"line":53,"column":46}},{"start":{"line":53,"column":46},"end":{"line":53,"column":null}}],"line":53},"2":{"loc":{"start":{"line":54,"column":32},"end":{"line":54,"column":null}},"type":"binary-expr","locations":[{"start":{"line":54,"column":32},"end":{"line":54,"column":52}},{"start":{"line":54,"column":52},"end":{"line":54,"column":null}}],"line":54},"3":{"loc":{"start":{"line":55,"column":32},"end":{"line":55,"column":null}},"type":"binary-expr","locations":[{"start":{"line":55,"column":32},"end":{"line":55,"column":52}},{"start":{"line":55,"column":52},"end":{"line":55,"column":null}}],"line":55},"4":{"loc":{"start":{"line":56,"column":32},"end":{"line":56,"column":null}},"type":"binary-expr","locations":[{"start":{"line":56,"column":32},"end":{"line":56,"column":52}},{"start":{"line":56,"column":52},"end":{"line":56,"column":null}}],"line":56},"5":{"loc":{"start":{"line":57,"column":32},"end":{"line":57,"column":null}},"type":"binary-expr","locations":[{"start":{"line":57,"column":32},"end":{"line":57,"column":52}},{"start":{"line":57,"column":52},"end":{"line":57,"column":null}}],"line":57},"6":{"loc":{"start":{"line":58,"column":29},"end":{"line":58,"column":null}},"type":"binary-expr","locations":[{"start":{"line":58,"column":29},"end":{"line":58,"column":46}},{"start":{"line":58,"column":46},"end":{"line":58,"column":null}}],"line":58},"7":{"loc":{"start":{"line":59,"column":37},"end":{"line":59,"column":null}},"type":"binary-expr","locations":[{"start":{"line":59,"column":37},"end":{"line":59,"column":62}},{"start":{"line":59,"column":62},"end":{"line":59,"column":null}}],"line":59},"8":{"loc":{"start":{"line":60,"column":43},"end":{"line":60,"column":null}},"type":"binary-expr","locations":[{"start":{"line":60,"column":43},"end":{"line":60,"column":74}},{"start":{"line":60,"column":74},"end":{"line":60,"column":null}}],"line":60},"9":{"loc":{"start":{"line":61,"column":34},"end":{"line":61,"column":null}},"type":"binary-expr","locations":[{"start":{"line":61,"column":34},"end":{"line":61,"column":56}},{"start":{"line":61,"column":56},"end":{"line":61,"column":null}}],"line":61},"10":{"loc":{"start":{"line":62,"column":38},"end":{"line":62,"column":null}},"type":"binary-expr","locations":[{"start":{"line":62,"column":38},"end":{"line":62,"column":64}},{"start":{"line":62,"column":64},"end":{"line":62,"column":null}}],"line":62},"11":{"loc":{"start":{"line":63,"column":40},"end":{"line":63,"column":null}},"type":"binary-expr","locations":[{"start":{"line":63,"column":40},"end":{"line":63,"column":68}},{"start":{"line":63,"column":68},"end":{"line":63,"column":null}}],"line":63},"12":{"loc":{"start":{"line":64,"column":35},"end":{"line":64,"column":null}},"type":"binary-expr","locations":[{"start":{"line":64,"column":35},"end":{"line":64,"column":58}},{"start":{"line":64,"column":58},"end":{"line":64,"column":null}}],"line":64},"13":{"loc":{"start":{"line":65,"column":37},"end":{"line":65,"column":null}},"type":"binary-expr","locations":[{"start":{"line":65,"column":37},"end":{"line":65,"column":62}},{"start":{"line":65,"column":62},"end":{"line":65,"column":null}}],"line":65},"14":{"loc":{"start":{"line":67,"column":39},"end":{"line":72,"column":null}},"type":"binary-expr","locations":[{"start":{"line":67,"column":39},"end":{"line":67,"column":66}},{"start":{"line":67,"column":66},"end":{"line":72,"column":null}}],"line":67},"15":{"loc":{"start":{"line":73,"column":40},"end":{"line":76,"column":null}},"type":"binary-expr","locations":[{"start":{"line":73,"column":40},"end":{"line":73,"column":68}},{"start":{"line":73,"column":68},"end":{"line":76,"column":null}}],"line":73},"16":{"loc":{"start":{"line":126,"column":12},"end":{"line":132,"column":null}},"type":"if","locations":[{"start":{"line":126,"column":12},"end":{"line":132,"column":null}},{"start":{"line":128,"column":12},"end":{"line":132,"column":null}}],"line":126},"17":{"loc":{"start":{"line":128,"column":12},"end":{"line":132,"column":null}},"type":"if","locations":[{"start":{"line":128,"column":12},"end":{"line":132,"column":null}},{"start":{"line":130,"column":12},"end":{"line":132,"column":null}}],"line":128},"18":{"loc":{"start":{"line":130,"column":12},"end":{"line":132,"column":null}},"type":"if","locations":[{"start":{"line":130,"column":12},"end":{"line":132,"column":null}},{"start":{},"end":{}}],"line":130},"19":{"loc":{"start":{"line":135,"column":12},"end":{"line":139,"column":null}},"type":"if","locations":[{"start":{"line":135,"column":12},"end":{"line":139,"column":null}},{"start":{"line":137,"column":12},"end":{"line":139,"column":null}}],"line":135},"20":{"loc":{"start":{"line":137,"column":12},"end":{"line":139,"column":null}},"type":"if","locations":[{"start":{"line":137,"column":12},"end":{"line":139,"column":null}},{"start":{},"end":{}}],"line":137},"21":{"loc":{"start":{"line":142,"column":12},"end":{"line":144,"column":null}},"type":"if","locations":[{"start":{"line":142,"column":12},"end":{"line":144,"column":null}},{"start":{},"end":{}}],"line":142},"22":{"loc":{"start":{"line":176,"column":8},"end":{"line":184,"column":null}},"type":"if","locations":[{"start":{"line":176,"column":8},"end":{"line":184,"column":null}},{"start":{},"end":{}}],"line":176},"23":{"loc":{"start":{"line":186,"column":8},"end":{"line":195,"column":null}},"type":"if","locations":[{"start":{"line":186,"column":8},"end":{"line":195,"column":null}},{"start":{},"end":{}}],"line":186},"24":{"loc":{"start":{"line":209,"column":8},"end":{"line":211,"column":null}},"type":"if","locations":[{"start":{"line":209,"column":8},"end":{"line":211,"column":null}},{"start":{},"end":{}}],"line":209}},"s":{"0":5,"1":5,"2":5,"3":5,"4":5,"5":5,"6":5,"7":5,"8":5,"9":5,"10":5,"11":5,"12":5,"13":5,"14":5,"15":5,"16":5,"17":5,"18":5,"19":5,"20":5,"21":5,"22":5,"23":5,"24":5,"25":5,"26":5,"27":5,"28":0,"29":0,"30":0,"31":5,"32":0,"33":0,"34":6,"35":6,"36":6,"37":33,"38":6,"39":6,"40":6,"41":3,"42":3,"43":3,"44":3,"45":36,"46":1,"47":1,"48":1,"49":0,"50":0,"51":0,"52":0,"53":1,"54":0,"55":1,"56":0,"57":1,"58":0,"59":1,"60":1,"61":1,"62":1,"63":1,"64":1,"65":1,"66":1,"67":0,"68":0,"69":0,"70":0,"71":0,"72":1,"73":1,"74":1,"75":0,"76":1,"77":0,"78":1,"79":2,"80":1,"81":1,"82":0,"83":0,"84":0,"85":0,"86":0,"87":0},"f":{"0":5,"1":5,"2":0,"3":0,"4":6,"5":36,"6":1,"7":0,"8":1,"9":0,"10":0},"b":{"0":[5,3],"1":[5,4],"2":[5,4],"3":[5,5],"4":[5,5],"5":[5,5],"6":[5,5],"7":[5,5],"8":[5,5],"9":[5,5],"10":[5,5],"11":[5,5],"12":[5,5],"13":[5,3],"14":[5,5],"15":[5,5],"16":[1,0],"17":[0,0],"18":[0,0],"19":[0,1],"20":[0,1],"21":[0,1],"22":[0,1],"23":[0,1],"24":[0,0]},"meta":{"lastBranch":25,"lastFunction":11,"lastStatement":88,"seen":{"s:38:20:38:Infinity":0,"s:39:24:39:Infinity":1,"s:42:23:42:Infinity":2,"s:43:12:43:Infinity":3,"s:44:12:44:Infinity":4,"s:45:13:45:Infinity":5,"f:47:4:47:23":0,"s:47:23:47:47":6,"s:48:8:48:Infinity":7,"s:49:8:49:Infinity":8,"s:52:8:52:Infinity":9,"b:52:33:52:54:52:54:52:Infinity":0,"s:53:8:53:Infinity":10,"b:53:29:53:46:53:46:53:Infinity":1,"s:54:8:54:Infinity":11,"b:54:32:54:52:54:52:54:Infinity":2,"s:55:8:55:Infinity":12,"b:55:32:55:52:55:52:55:Infinity":3,"s:56:8:56:Infinity":13,"b:56:32:56:52:56:52:56:Infinity":4,"s:57:8:57:Infinity":14,"b:57:32:57:52:57:52:57:Infinity":5,"s:58:8:58:Infinity":15,"b:58:29:58:46:58:46:58:Infinity":6,"s:59:8:59:Infinity":16,"b:59:37:59:62:59:62:59:Infinity":7,"s:60:8:60:Infinity":17,"b:60:43:60:74:60:74:60:Infinity":8,"s:61:8:61:Infinity":18,"b:61:34:61:56:61:56:61:Infinity":9,"s:62:8:62:Infinity":19,"b:62:38:62:64:62:64:62:Infinity":10,"s:63:8:63:Infinity":20,"b:63:40:63:68:63:68:63:Infinity":11,"s:64:8:64:Infinity":21,"b:64:35:64:58:64:58:64:Infinity":12,"s:65:8:65:Infinity":22,"b:65:37:65:62:65:62:65:Infinity":13,"s:67:8:72:Infinity":23,"b:67:39:67:66:67:66:72:Infinity":14,"s:73:8:76:Infinity":24,"b:73:40:73:68:73:68:76:Infinity":15,"s:78:8:78:Infinity":25,"s:79:8:79:Infinity":26,"f:82:12:82:34":1,"s:83:8:87:Infinity":27,"f:83:58:83:59":2,"s:84:25:84:Infinity":28,"s:85:12:85:Infinity":29,"s:86:12:86:Infinity":30,"s:89:8:92:Infinity":31,"f:89:59:89:65":3,"s:90:12:90:Infinity":32,"s:91:12:91:Infinity":33,"f:95:4:95:11":4,"s:96:8:96:Infinity":34,"s:97:8:99:Infinity":35,"s:97:21:97:24":36,"s:98:12:98:Infinity":37,"s:101:8:101:Infinity":38,"s:102:8:107:Infinity":39,"s:102:21:102:24":40,"s:103:25:103:Infinity":41,"s:104:12:104:Infinity":42,"s:105:12:105:Infinity":43,"s:106:12:106:Infinity":44,"f:110:12:110:23":5,"s:111:8:120:Infinity":45,"f:123:4:123:13":6,"s:125:8:156:Infinity":46,"b:126:12:132:Infinity:128:12:132:Infinity":16,"s:126:12:132:Infinity":47,"s:127:16:127:Infinity":48,"b:128:12:132:Infinity:130:12:132:Infinity":17,"s:128:12:132:Infinity":49,"s:129:16:129:Infinity":50,"b:130:12:132:Infinity:undefined:undefined:undefined:undefined":18,"s:130:12:132:Infinity":51,"s:131:16:131:Infinity":52,"b:135:12:139:Infinity:137:12:139:Infinity":19,"s:135:12:139:Infinity":53,"s:136:16:136:Infinity":54,"b:137:12:139:Infinity:undefined:undefined:undefined:undefined":20,"s:137:12:139:Infinity":55,"s:138:16:138:Infinity":56,"b:142:12:144:Infinity:undefined:undefined:undefined:undefined":21,"s:142:12:144:Infinity":57,"s:143:16:143:Infinity":58,"s:146:12:146:Infinity":59,"s:149:12:149:Infinity":60,"s:150:12:150:Infinity":61,"s:151:12:151:Infinity":62,"s:152:12:152:Infinity":63,"s:153:12:153:Infinity":64,"s:155:12:155:Infinity":65,"s:159:8:168:Infinity":66,"s:161:12:161:Infinity":67,"f:161:51:161:56":7,"s:161:56:161:66":68,"s:164:12:164:Infinity":69,"s:166:12:166:Infinity":70,"s:167:12:167:Infinity":71,"s:170:8:170:Infinity":72,"f:173:4:173:13":8,"s:174:8:174:Infinity":73,"b:176:8:184:Infinity:undefined:undefined:undefined:undefined":22,"s:176:8:184:Infinity":74,"s:177:12:183:Infinity":75,"b:186:8:195:Infinity:undefined:undefined:undefined:undefined":23,"s:186:8:195:Infinity":76,"s:187:12:194:Infinity":77,"s:197:8:199:Infinity":78,"s:198:12:198:Infinity":79,"s:201:8:203:Infinity":80,"s:202:12:202:Infinity":81,"f:206:4:206:10":9,"s:207:8:207:Infinity":82,"s:208:8:208:Infinity":83,"b:209:8:211:Infinity:undefined:undefined:undefined:undefined":24,"s:209:8:211:Infinity":84,"s:210:12:210:Infinity":85,"s:212:8:212:Infinity":86,"f:212:30:212:36":10,"s:212:36:212:46":87}}}
,"/Users/dvogeleer/Desktop/dv_112358/experiments/boidsJS/lib/src/core/Noise.ts": {"path":"/Users/dvogeleer/Desktop/dv_112358/experiments/boidsJS/lib/src/core/Noise.ts","statementMap":{"0":{"start":{"line":3,"column":26},"end":{"line":3,"column":null}},"1":{"start":{"line":4,"column":36},"end":{"line":11,"column":null}},"2":{"start":{"line":14,"column":8},"end":{"line":16,"column":null}},"3":{"start":{"line":14,"column":21},"end":{"line":14,"column":24}},"4":{"start":{"line":15,"column":12},"end":{"line":15,"column":null}},"5":{"start":{"line":20,"column":8},"end":{"line":20,"column":null}},"6":{"start":{"line":24,"column":8},"end":{"line":24,"column":null}},"7":{"start":{"line":28,"column":18},"end":{"line":28,"column":null}},"8":{"start":{"line":29,"column":18},"end":{"line":29,"column":null}},"9":{"start":{"line":30,"column":18},"end":{"line":30,"column":null}},"10":{"start":{"line":31,"column":8},"end":{"line":31,"column":null}},"11":{"start":{"line":35,"column":18},"end":{"line":35,"column":null}},"12":{"start":{"line":36,"column":18},"end":{"line":36,"column":null}},"13":{"start":{"line":37,"column":18},"end":{"line":37,"column":null}},"14":{"start":{"line":39,"column":8},"end":{"line":39,"column":null}},"15":{"start":{"line":40,"column":8},"end":{"line":40,"column":null}},"16":{"start":{"line":41,"column":8},"end":{"line":41,"column":null}},"17":{"start":{"line":43,"column":18},"end":{"line":43,"column":null}},"18":{"start":{"line":44,"column":18},"end":{"line":44,"column":null}},"19":{"start":{"line":45,"column":18},"end":{"line":45,"column":null}},"20":{"start":{"line":47,"column":18},"end":{"line":47,"column":null}},"21":{"start":{"line":48,"column":17},"end":{"line":48,"column":null}},"22":{"start":{"line":49,"column":17},"end":{"line":49,"column":null}},"23":{"start":{"line":50,"column":16},"end":{"line":50,"column":null}},"24":{"start":{"line":51,"column":17},"end":{"line":51,"column":null}},"25":{"start":{"line":52,"column":17},"end":{"line":52,"column":null}},"26":{"start":{"line":54,"column":8},"end":{"line":66,"column":null}}},"fnMap":{"0":{"name":"(anonymous_0)","decl":{"start":{"line":13,"column":4},"end":{"line":13,"column":18}},"loc":{"start":{"line":13,"column":18},"end":{"line":17,"column":null}},"line":13},"1":{"name":"(anonymous_1)","decl":{"start":{"line":19,"column":4},"end":{"line":19,"column":9}},"loc":{"start":{"line":19,"column":28},"end":{"line":21,"column":null}},"line":19},"2":{"name":"(anonymous_2)","decl":{"start":{"line":23,"column":4},"end":{"line":23,"column":9}},"loc":{"start":{"line":23,"column":50},"end":{"line":25,"column":null}},"line":23},"3":{"name":"(anonymous_3)","decl":{"start":{"line":27,"column":4},"end":{"line":27,"column":9}},"loc":{"start":{"line":27,"column":64},"end":{"line":32,"column":null}},"line":27},"4":{"name":"(anonymous_4)","decl":{"start":{"line":34,"column":4},"end":{"line":34,"column":10}},"loc":{"start":{"line":34,"column":59},"end":{"line":67,"column":null}},"line":34}},"branchMap":{"0":{"loc":{"start":{"line":29,"column":18},"end":{"line":29,"column":null}},"type":"cond-expr","locations":[{"start":{"line":29,"column":26},"end":{"line":29,"column":30}},{"start":{"line":29,"column":30},"end":{"line":29,"column":null}}],"line":29},"1":{"loc":{"start":{"line":30,"column":18},"end":{"line":30,"column":null}},"type":"cond-expr","locations":[{"start":{"line":30,"column":26},"end":{"line":30,"column":30}},{"start":{"line":30,"column":30},"end":{"line":30,"column":null}}],"line":30},"2":{"loc":{"start":{"line":30,"column":30},"end":{"line":30,"column":null}},"type":"cond-expr","locations":[{"start":{"line":30,"column":53},"end":{"line":30,"column":57}},{"start":{"line":30,"column":57},"end":{"line":30,"column":null}}],"line":30},"3":{"loc":{"start":{"line":30,"column":30},"end":{"line":30,"column":53}},"type":"binary-expr","locations":[{"start":{"line":30,"column":30},"end":{"line":30,"column":42}},{"start":{"line":30,"column":42},"end":{"line":30,"column":53}}],"line":30},"4":{"loc":{"start":{"line":31,"column":8},"end":{"line":31,"column":44}},"type":"cond-expr","locations":[{"start":{"line":31,"column":32},"end":{"line":31,"column":36}},{"start":{"line":31,"column":36},"end":{"line":31,"column":44}}],"line":31},"5":{"loc":{"start":{"line":31,"column":37},"end":{"line":31,"column":null}},"type":"cond-expr","locations":[{"start":{"line":31,"column":59},"end":{"line":31,"column":63}},{"start":{"line":31,"column":63},"end":{"line":31,"column":null}}],"line":31},"6":{"loc":{"start":{"line":34,"column":21},"end":{"line":34,"column":36}},"type":"default-arg","locations":[{"start":{"line":34,"column":33},"end":{"line":34,"column":36}}],"line":34},"7":{"loc":{"start":{"line":34,"column":36},"end":{"line":34,"column":59}},"type":"default-arg","locations":[{"start":{"line":34,"column":48},"end":{"line":34,"column":59}}],"line":34}},"s":{"0":11,"1":11,"2":11,"3":11,"4":2816,"5":315,"6":735,"7":840,"8":840,"9":840,"10":840,"11":105,"12":105,"13":105,"14":105,"15":105,"16":105,"17":105,"18":105,"19":105,"20":105,"21":105,"22":105,"23":105,"24":105,"25":105,"26":105},"f":{"0":11,"1":315,"2":735,"3":840,"4":105},"b":{"0":[386,454],"1":[213,627],"2":[118,509],"3":[627,575],"4":[442,398],"5":[397,443],"6":[105],"7":[105]},"meta":{"lastBranch":8,"lastFunction":5,"lastStatement":27,"seen":{"s:3:26:3:Infinity":0,"s:4:36:11:Infinity":1,"f:13:4:13:18":0,"s:14:8:16:Infinity":2,"s:14:21:14:24":3,"s:15:12:15:Infinity":4,"f:19:4:19:9":1,"s:20:8:20:Infinity":5,"f:23:4:23:9":2,"s:24:8:24:Infinity":6,"f:27:4:27:9":3,"s:28:18:28:Infinity":7,"s:29:18:29:Infinity":8,"b:29:26:29:30:29:30:29:Infinity":0,"s:30:18:30:Infinity":9,"b:30:26:30:30:30:30:30:Infinity":1,"b:30:53:30:57:30:57:30:Infinity":2,"b:30:30:30:42:30:42:30:53":3,"s:31:8:31:Infinity":10,"b:31:32:31:36:31:36:31:44":4,"b:31:59:31:63:31:63:31:Infinity":5,"f:34:4:34:10":4,"b:34:33:34:36":6,"b:34:48:34:59":7,"s:35:18:35:Infinity":11,"s:36:18:36:Infinity":12,"s:37:18:37:Infinity":13,"s:39:8:39:Infinity":14,"s:40:8:40:Infinity":15,"s:41:8:41:Infinity":16,"s:43:18:43:Infinity":17,"s:44:18:44:Infinity":18,"s:45:18:45:Infinity":19,"s:47:18:47:Infinity":20,"s:48:17:48:Infinity":21,"s:49:17:49:Infinity":22,"s:50:16:50:Infinity":23,"s:51:17:51:Infinity":24,"s:52:17:52:Infinity":25,"s:54:8:66:Infinity":26}}}
,"/Users/dvogeleer/Desktop/dv_112358/experiments/boidsJS/lib/src/core/Vector.ts": {"path":"/Users/dvogeleer/Desktop/dv_112358/experiments/boidsJS/lib/src/core/Vector.ts","statementMap":{"0":{"start":{"line":2,"column":23},"end":{"line":2,"column":35}},"1":{"start":{"line":2,"column":45},"end":{"line":2,"column":57}},"2":{"start":{"line":5,"column":8},"end":{"line":5,"column":null}},"3":{"start":{"line":6,"column":8},"end":{"line":6,"column":null}},"4":{"start":{"line":7,"column":8},"end":{"line":7,"column":null}},"5":{"start":{"line":11,"column":8},"end":{"line":11,"column":null}},"6":{"start":{"line":12,"column":8},"end":{"line":12,"column":null}},"7":{"start":{"line":13,"column":8},"end":{"line":13,"column":null}},"8":{"start":{"line":17,"column":8},"end":{"line":17,"column":null}},"9":{"start":{"line":18,"column":8},"end":{"line":18,"column":null}},"10":{"start":{"line":19,"column":8},"end":{"line":19,"column":null}},"11":{"start":{"line":23,"column":8},"end":{"line":26,"column":null}},"12":{"start":{"line":24,"column":12},"end":{"line":24,"column":null}},"13":{"start":{"line":25,"column":12},"end":{"line":25,"column":null}},"14":{"start":{"line":27,"column":8},"end":{"line":27,"column":null}},"15":{"start":{"line":31,"column":8},"end":{"line":31,"column":null}},"16":{"start":{"line":35,"column":8},"end":{"line":35,"column":null}},"17":{"start":{"line":36,"column":8},"end":{"line":36,"column":null}},"18":{"start":{"line":40,"column":18},"end":{"line":40,"column":null}},"19":{"start":{"line":41,"column":8},"end":{"line":43,"column":null}},"20":{"start":{"line":42,"column":12},"end":{"line":42,"column":null}},"21":{"start":{"line":44,"column":8},"end":{"line":44,"column":null}},"22":{"start":{"line":48,"column":8},"end":{"line":50,"column":null}},"23":{"start":{"line":49,"column":12},"end":{"line":49,"column":null}},"24":{"start":{"line":51,"column":8},"end":{"line":51,"column":null}},"25":{"start":{"line":55,"column":19},"end":{"line":55,"column":null}},"26":{"start":{"line":56,"column":19},"end":{"line":56,"column":null}},"27":{"start":{"line":57,"column":8},"end":{"line":57,"column":null}},"28":{"start":{"line":61,"column":19},"end":{"line":61,"column":null}},"29":{"start":{"line":62,"column":19},"end":{"line":62,"column":null}},"30":{"start":{"line":63,"column":8},"end":{"line":63,"column":null}},"31":{"start":{"line":67,"column":8},"end":{"line":67,"column":null}},"32":{"start":{"line":71,"column":8},"end":{"line":71,"column":null}},"33":{"start":{"line":75,"column":8},"end":{"line":75,"column":null}},"34":{"start":{"line":79,"column":8},"end":{"line":79,"column":null}},"35":{"start":{"line":83,"column":22},"end":{"line":83,"column":null}},"36":{"start":{"line":84,"column":8},"end":{"line":84,"column":null}}},"fnMap":{"0":{"name":"(anonymous_0)","decl":{"start":{"line":2,"column":4},"end":{"line":2,"column":23}},"loc":{"start":{"line":2,"column":60},"end":{"line":2,"column":null}},"line":2},"1":{"name":"(anonymous_1)","decl":{"start":{"line":4,"column":4},"end":{"line":4,"column":8}},"loc":{"start":{"line":4,"column":27},"end":{"line":8,"column":null}},"line":4},"2":{"name":"(anonymous_2)","decl":{"start":{"line":10,"column":4},"end":{"line":10,"column":8}},"loc":{"start":{"line":10,"column":27},"end":{"line":14,"column":null}},"line":10},"3":{"name":"(anonymous_3)","decl":{"start":{"line":16,"column":4},"end":{"line":16,"column":9}},"loc":{"start":{"line":16,"column":28},"end":{"line":20,"column":null}},"line":16},"4":{"name":"(anonymous_4)","decl":{"start":{"line":22,"column":4},"end":{"line":22,"column":8}},"loc":{"start":{"line":22,"column":27},"end":{"line":28,"column":null}},"line":22},"5":{"name":"(anonymous_5)","decl":{"start":{"line":30,"column":4},"end":{"line":30,"column":18}},"loc":{"start":{"line":30,"column":18},"end":{"line":32,"column":null}},"line":30},"6":{"name":"(anonymous_6)","decl":{"start":{"line":34,"column":4},"end":{"line":34,"column":11}},"loc":{"start":{"line":34,"column":30},"end":{"line":37,"column":null}},"line":34},"7":{"name":"(anonymous_7)","decl":{"start":{"line":39,"column":4},"end":{"line":39,"column":24}},"loc":{"start":{"line":39,"column":24},"end":{"line":45,"column":null}},"line":39},"8":{"name":"(anonymous_8)","decl":{"start":{"line":47,"column":4},"end":{"line":47,"column":10}},"loc":{"start":{"line":47,"column":31},"end":{"line":52,"column":null}},"line":47},"9":{"name":"(anonymous_9)","decl":{"start":{"line":54,"column":4},"end":{"line":54,"column":11}},"loc":{"start":{"line":54,"column":30},"end":{"line":58,"column":null}},"line":54},"10":{"name":"(anonymous_10)","decl":{"start":{"line":60,"column":4},"end":{"line":60,"column":9}},"loc":{"start":{"line":60,"column":28},"end":{"line":64,"column":null}},"line":60},"11":{"name":"(anonymous_11)","decl":{"start":{"line":66,"column":4},"end":{"line":66,"column":19}},"loc":{"start":{"line":66,"column":19},"end":{"line":68,"column":null}},"line":66},"12":{"name":"(anonymous_12)","decl":{"start":{"line":70,"column":11},"end":{"line":70,"column":15}},"loc":{"start":{"line":70,"column":47},"end":{"line":72,"column":null}},"line":70},"13":{"name":"(anonymous_13)","decl":{"start":{"line":74,"column":11},"end":{"line":74,"column":15}},"loc":{"start":{"line":74,"column":47},"end":{"line":76,"column":null}},"line":74},"14":{"name":"(anonymous_14)","decl":{"start":{"line":78,"column":11},"end":{"line":78,"column":15}},"loc":{"start":{"line":78,"column":45},"end":{"line":80,"column":null}},"line":78},"15":{"name":"(anonymous_15)","decl":{"start":{"line":82,"column":11},"end":{"line":82,"column":30}},"loc":{"start":{"line":82,"column":30},"end":{"line":85,"column":null}},"line":82}},"branchMap":{"0":{"loc":{"start":{"line":2,"column":23},"end":{"line":2,"column":45}},"type":"default-arg","locations":[{"start":{"line":2,"column":35},"end":{"line":2,"column":45}}],"line":2},"1":{"loc":{"start":{"line":2,"column":45},"end":{"line":2,"column":60}},"type":"default-arg","locations":[{"start":{"line":2,"column":57},"end":{"line":2,"column":60}}],"line":2},"2":{"loc":{"start":{"line":23,"column":8},"end":{"line":26,"column":null}},"type":"if","locations":[{"start":{"line":23,"column":8},"end":{"line":26,"column":null}},{"start":{},"end":{}}],"line":23},"3":{"loc":{"start":{"line":41,"column":8},"end":{"line":43,"column":null}},"type":"if","locations":[{"start":{"line":41,"column":8},"end":{"line":43,"column":null}},{"start":{},"end":{}}],"line":41},"4":{"loc":{"start":{"line":48,"column":8},"end":{"line":50,"column":null}},"type":"if","locations":[{"start":{"line":48,"column":8},"end":{"line":50,"column":null}},{"start":{},"end":{}}],"line":48}},"s":{"0":607,"1":607,"2":49,"3":49,"4":49,"5":14,"6":14,"7":14,"8":78,"9":78,"10":78,"11":45,"12":44,"13":44,"14":45,"15":61,"16":27,"17":27,"18":29,"19":29,"20":22,"21":29,"22":18,"23":13,"24":18,"25":11,"26":11,"27":11,"28":49,"29":49,"30":49,"31":269,"32":1,"33":14,"34":1,"35":37,"36":37},"f":{"0":607,"1":49,"2":14,"3":78,"4":45,"5":61,"6":27,"7":29,"8":18,"9":11,"10":49,"11":269,"12":7,"13":7,"14":7,"15":7},"b":{"0":[607],"1":[607],"2":[44,1],"3":[22,7],"4":[13,5]},"meta":{"lastBranch":5,"lastFunction":16,"lastStatement":37,"seen":{"f:2:4:2:23":0,"b:2:35:2:45":0,"b:2:57:2:60":1,"s:2:23:2:35":0,"s:2:45:2:57":1,"f:4:4:4:8":1,"s:5:8:5:Infinity":2,"s:6:8:6:Infinity":3,"s:7:8:7:Infinity":4,"f:10:4:10:8":2,"s:11:8:11:Infinity":5,"s:12:8:12:Infinity":6,"s:13:8:13:Infinity":7,"f:16:4:16:9":3,"s:17:8:17:Infinity":8,"s:18:8:18:Infinity":9,"s:19:8:19:Infinity":10,"f:22:4:22:8":4,"b:23:8:26:Infinity:undefined:undefined:undefined:undefined":2,"s:23:8:26:Infinity":11,"s:24:12:24:Infinity":12,"s:25:12:25:Infinity":13,"s:27:8:27:Infinity":14,"f:30:4:30:18":5,"s:31:8:31:Infinity":15,"f:34:4:34:11":6,"s:35:8:35:Infinity":16,"s:36:8:36:Infinity":17,"f:39:4:39:24":7,"s:40:18:40:Infinity":18,"b:41:8:43:Infinity:undefined:undefined:undefined:undefined":3,"s:41:8:43:Infinity":19,"s:42:12:42:Infinity":20,"s:44:8:44:Infinity":21,"f:47:4:47:10":8,"b:48:8:50:Infinity:undefined:undefined:undefined:undefined":4,"s:48:8:50:Infinity":22,"s:49:12:49:Infinity":23,"s:51:8:51:Infinity":24,"f:54:4:54:11":9,"s:55:19:55:Infinity":25,"s:56:19:56:Infinity":26,"s:57:8:57:Infinity":27,"f:60:4:60:9":10,"s:61:19:61:Infinity":28,"s:62:19:62:Infinity":29,"s:63:8:63:Infinity":30,"f:66:4:66:19":11,"s:67:8:67:Infinity":31,"f:70:11:70:15":12,"s:71:8:71:Infinity":32,"f:74:11:74:15":13,"s:75:8:75:Infinity":33,"f:78:11:78:15":14,"s:79:8:79:Infinity":34,"f:82:11:82:30":15,"s:83:22:83:Infinity":35,"s:84:8:84:Infinity":36}}}
,"/Users/dvogeleer/Desktop/dv_112358/experiments/boidsJS/lib/src/react/index.tsx": {"path":"/Users/dvogeleer/Desktop/dv_112358/experiments/boidsJS/lib/src/react/index.tsx","statementMap":{"0":{"start":{"line":10,"column":47},"end":{"line":114,"column":null}},"1":{"start":{"line":34,"column":10},"end":{"line":34,"column":null}},"2":{"start":{"line":35,"column":10},"end":{"line":35,"column":null}},"3":{"start":{"line":37,"column":4},"end":{"line":64,"column":null}},"4":{"start":{"line":38,"column":8},"end":{"line":63,"column":null}},"5":{"start":{"line":39,"column":12},"end":{"line":61,"column":null}},"6":{"start":{"line":62,"column":12},"end":{"line":62,"column":null}},"7":{"start":{"line":66,"column":4},"end":{"line":96,"column":null}},"8":{"start":{"line":67,"column":8},"end":{"line":95,"column":null}},"9":{"start":{"line":68,"column":22},"end":{"line":68,"column":null}},"10":{"start":{"line":69,"column":12},"end":{"line":69,"column":null}},"11":{"start":{"line":70,"column":12},"end":{"line":70,"column":null}},"12":{"start":{"line":71,"column":12},"end":{"line":71,"column":null}},"13":{"start":{"line":72,"column":12},"end":{"line":72,"column":null}},"14":{"start":{"line":73,"column":12},"end":{"line":73,"column":null}},"15":{"start":{"line":74,"column":12},"end":{"line":74,"column":null}},"16":{"start":{"line":75,"column":12},"end":{"line":75,"column":null}},"17":{"start":{"line":76,"column":12},"end":{"line":76,"column":null}},"18":{"start":{"line":77,"column":12},"end":{"line":77,"column":null}},"19":{"start":{"line":78,"column":12},"end":{"line":78,"column":null}},"20":{"start":{"line":79,"column":12},"end":{"line":79,"column":null}},"21":{"start":{"line":80,"column":12},"end":{"line":80,"column":null}},"22":{"start":{"line":81,"column":12},"end":{"line":81,"column":null}},"23":{"start":{"line":82,"column":12},"end":{"line":82,"column":null}},"24":{"start":{"line":84,"column":12},"end":{"line":86,"column":null}},"25":{"start":{"line":85,"column":16},"end":{"line":85,"column":null}},"26":{"start":{"line":87,"column":12},"end":{"line":89,"column":null}},"27":{"start":{"line":88,"column":16},"end":{"line":88,"column":null}},"28":{"start":{"line":91,"column":12},"end":{"line":94,"column":null}},"29":{"start":{"line":92,"column":16},"end":{"line":92,"column":null}},"30":{"start":{"line":93,"column":16},"end":{"line":93,"column":null}},"31":{"start":{"line":98,"column":4},"end":{"line":103,"column":null}},"32":{"start":{"line":99,"column":8},"end":{"line":102,"column":null}},"33":{"start":{"line":100,"column":12},"end":{"line":100,"column":null}},"34":{"start":{"line":101,"column":12},"end":{"line":101,"column":null}},"35":{"start":{"line":105,"column":4},"end":{"line":112,"column":null}}},"fnMap":{"0":{"name":"(anonymous_0)","decl":{"start":{"line":10,"column":47},"end":{"line":10,"column":48}},"loc":{"start":{"line":33,"column":6},"end":{"line":114,"column":null}},"line":33},"1":{"name":"(anonymous_1)","decl":{"start":{"line":37,"column":14},"end":{"line":37,"column":20}},"loc":{"start":{"line":37,"column":20},"end":{"line":64,"column":7}},"line":37},"2":{"name":"(anonymous_2)","decl":{"start":{"line":66,"column":14},"end":{"line":66,"column":20}},"loc":{"start":{"line":66,"column":20},"end":{"line":96,"column":7}},"line":66},"3":{"name":"(anonymous_3)","decl":{"start":{"line":98,"column":14},"end":{"line":98,"column":20}},"loc":{"start":{"line":98,"column":20},"end":{"line":103,"column":7}},"line":98}},"branchMap":{"0":{"loc":{"start":{"line":13,"column":4},"end":{"line":13,"column":null}},"type":"default-arg","locations":[{"start":{"line":13,"column":12},"end":{"line":13,"column":null}}],"line":13},"1":{"loc":{"start":{"line":14,"column":4},"end":{"line":14,"column":null}},"type":"default-arg","locations":[{"start":{"line":14,"column":13},"end":{"line":14,"column":null}}],"line":14},"2":{"loc":{"start":{"line":15,"column":4},"end":{"line":15,"column":null}},"type":"default-arg","locations":[{"start":{"line":15,"column":16},"end":{"line":15,"column":null}}],"line":15},"3":{"loc":{"start":{"line":16,"column":4},"end":{"line":16,"column":null}},"type":"default-arg","locations":[{"start":{"line":16,"column":16},"end":{"line":16,"column":null}}],"line":16},"4":{"loc":{"start":{"line":17,"column":4},"end":{"line":17,"column":null}},"type":"default-arg","locations":[{"start":{"line":17,"column":12},"end":{"line":17,"column":null}}],"line":17},"5":{"loc":{"start":{"line":18,"column":4},"end":{"line":18,"column":null}},"type":"default-arg","locations":[{"start":{"line":18,"column":15},"end":{"line":18,"column":null}}],"line":18},"6":{"loc":{"start":{"line":19,"column":4},"end":{"line":19,"column":null}},"type":"default-arg","locations":[{"start":{"line":19,"column":15},"end":{"line":19,"column":null}}],"line":19},"7":{"loc":{"start":{"line":20,"column":4},"end":{"line":20,"column":null}},"type":"default-arg","locations":[{"start":{"line":20,"column":15},"end":{"line":20,"column":null}}],"line":20},"8":{"loc":{"start":{"line":21,"column":4},"end":{"line":21,"column":null}},"type":"default-arg","locations":[{"start":{"line":21,"column":12},"end":{"line":21,"column":null}}],"line":21},"9":{"loc":{"start":{"line":22,"column":4},"end":{"line":22,"column":null}},"type":"default-arg","locations":[{"start":{"line":22,"column":20},"end":{"line":22,"column":null}}],"line":22},"10":{"loc":{"start":{"line":23,"column":4},"end":{"line":23,"column":null}},"type":"default-arg","locations":[{"start":{"line":23,"column":26},"end":{"line":23,"column":null}}],"line":23},"11":{"loc":{"start":{"line":24,"column":4},"end":{"line":24,"column":null}},"type":"default-arg","locations":[{"start":{"line":24,"column":17},"end":{"line":24,"column":null}}],"line":24},"12":{"loc":{"start":{"line":25,"column":4},"end":{"line":25,"column":null}},"type":"default-arg","locations":[{"start":{"line":25,"column":23},"end":{"line":25,"column":null}}],"line":25},"13":{"loc":{"start":{"line":26,"column":4},"end":{"line":26,"column":null}},"type":"default-arg","locations":[{"start":{"line":26,"column":18},"end":{"line":26,"column":null}}],"line":26},"14":{"loc":{"start":{"line":27,"column":4},"end":{"line":27,"column":null}},"type":"default-arg","locations":[{"start":{"line":27,"column":20},"end":{"line":27,"column":null}}],"line":27},"15":{"loc":{"start":{"line":30,"column":4},"end":{"line":30,"column":null}},"type":"default-arg","locations":[{"start":{"line":30,"column":21},"end":{"line":30,"column":null}}],"line":30},"16":{"loc":{"start":{"line":31,"column":4},"end":{"line":31,"column":null}},"type":"default-arg","locations":[{"start":{"line":31,"column":15},"end":{"line":31,"column":null}}],"line":31},"17":{"loc":{"start":{"line":38,"column":8},"end":{"line":63,"column":null}},"type":"if","locations":[{"start":{"line":38,"column":8},"end":{"line":63,"column":null}},{"start":{},"end":{}}],"line":38},"18":{"loc":{"start":{"line":67,"column":8},"end":{"line":95,"column":null}},"type":"if","locations":[{"start":{"line":67,"column":8},"end":{"line":95,"column":null}},{"start":{},"end":{}}],"line":67},"19":{"loc":{"start":{"line":84,"column":12},"end":{"line":86,"column":null}},"type":"if","locations":[{"start":{"line":84,"column":12},"end":{"line":86,"column":null}},{"start":{},"end":{}}],"line":84},"20":{"loc":{"start":{"line":87,"column":12},"end":{"line":89,"column":null}},"type":"if","locations":[{"start":{"line":87,"column":12},"end":{"line":89,"column":null}},{"start":{},"end":{}}],"line":87},"21":{"loc":{"start":{"line":91,"column":12},"end":{"line":94,"column":null}},"type":"if","locations":[{"start":{"line":91,"column":12},"end":{"line":94,"column":null}},{"start":{},"end":{}}],"line":91},"22":{"loc":{"start":{"line":91,"column":16},"end":{"line":91,"column":86}},"type":"binary-expr","locations":[{"start":{"line":91,"column":16},"end":{"line":91,"column":48}},{"start":{"line":91,"column":48},"end":{"line":91,"column":86}}],"line":91},"23":{"loc":{"start":{"line":99,"column":8},"end":{"line":102,"column":null}},"type":"if","locations":[{"start":{"line":99,"column":8},"end":{"line":102,"column":null}},{"start":{},"end":{}}],"line":99}},"s":{"0":1,"1":7,"2":7,"3":7,"4":5,"5":5,"6":5,"7":7,"8":7,"9":7,"10":7,"11":7,"12":7,"13":7,"14":7,"15":7,"16":7,"17":7,"18":7,"19":7,"20":7,"21":7,"22":7,"23":7,"24":7,"25":0,"26":7,"27":0,"28":7,"29":7,"30":7,"31":7,"32":5,"33":5,"34":5,"35":7},"f":{"0":7,"1":5,"2":7,"3":5},"b":{"0":[7],"1":[7],"2":[7],"3":[7],"4":[7],"5":[7],"6":[7],"7":[7],"8":[7],"9":[7],"10":[7],"11":[7],"12":[7],"13":[7],"14":[7],"15":[7],"16":[7],"17":[5,0],"18":[7,0],"19":[0,7],"20":[0,7],"21":[7,0],"22":[7,0],"23":[5,0]},"meta":{"lastBranch":24,"lastFunction":4,"lastStatement":36,"seen":{"s:10:47:114:Infinity":0,"f:10:47:10:48":0,"b:13:12:13:Infinity":0,"b:14:13:14:Infinity":1,"b:15:16:15:Infinity":2,"b:16:16:16:Infinity":3,"b:17:12:17:Infinity":4,"b:18:15:18:Infinity":5,"b:19:15:19:Infinity":6,"b:20:15:20:Infinity":7,"b:21:12:21:Infinity":8,"b:22:20:22:Infinity":9,"b:23:26:23:Infinity":10,"b:24:17:24:Infinity":11,"b:25:23:25:Infinity":12,"b:26:18:26:Infinity":13,"b:27:20:27:Infinity":14,"b:30:21:30:Infinity":15,"b:31:15:31:Infinity":16,"s:34:10:34:Infinity":1,"s:35:10:35:Infinity":2,"s:37:4:64:Infinity":3,"f:37:14:37:20":1,"b:38:8:63:Infinity:undefined:undefined:undefined:undefined":17,"s:38:8:63:Infinity":4,"s:39:12:61:Infinity":5,"s:62:12:62:Infinity":6,"s:66:4:96:Infinity":7,"f:66:14:66:20":2,"b:67:8:95:Infinity:undefined:undefined:undefined:undefined":18,"s:67:8:95:Infinity":8,"s:68:22:68:Infinity":9,"s:69:12:69:Infinity":10,"s:70:12:70:Infinity":11,"s:71:12:71:Infinity":12,"s:72:12:72:Infinity":13,"s:73:12:73:Infinity":14,"s:74:12:74:Infinity":15,"s:75:12:75:Infinity":16,"s:76:12:76:Infinity":17,"s:77:12:77:Infinity":18,"s:78:12:78:Infinity":19,"s:79:12:79:Infinity":20,"s:80:12:80:Infinity":21,"s:81:12:81:Infinity":22,"s:82:12:82:Infinity":23,"b:84:12:86:Infinity:undefined:undefined:undefined:undefined":19,"s:84:12:86:Infinity":24,"s:85:16:85:Infinity":25,"b:87:12:89:Infinity:undefined:undefined:undefined:undefined":20,"s:87:12:89:Infinity":26,"s:88:16:88:Infinity":27,"b:91:12:94:Infinity:undefined:undefined:undefined:undefined":21,"s:91:12:94:Infinity":28,"b:91:16:91:48:91:48:91:86":22,"s:92:16:92:Infinity":29,"s:93:16:93:Infinity":30,"s:98:4:103:Infinity":31,"f:98:14:98:20":3,"b:99:8:102:Infinity:undefined:undefined:undefined:undefined":23,"s:99:8:102:Infinity":32,"s:100:12:100:Infinity":33,"s:101:12:101:Infinity":34,"s:105:4:112:Infinity":35}}}
,"/Users/dvogeleer/Desktop/dv_112358/experiments/boidsJS/lib/src/renderers/CanvasRenderer.ts": {"path":"/Users/dvogeleer/Desktop/dv_112358/experiments/boidsJS/lib/src/renderers/CanvasRenderer.ts","statementMap":{"0":{"start":{"line":7,"column":24},"end":{"line":7,"column":55}},"1":{"start":{"line":10,"column":8},"end":{"line":10,"column":null}},"2":{"start":{"line":14,"column":27},"end":{"line":14,"column":null}},"3":{"start":{"line":15,"column":8},"end":{"line":24,"column":null}},"4":{"start":{"line":15,"column":21},"end":{"line":15,"column":24}},"5":{"start":{"line":16,"column":12},"end":{"line":23,"column":null}},"6":{"start":{"line":16,"column":25},"end":{"line":16,"column":28}},"7":{"start":{"line":17,"column":27},"end":{"line":17,"column":null}},"8":{"start":{"line":18,"column":27},"end":{"line":18,"column":null}},"9":{"start":{"line":19,"column":22},"end":{"line":19,"column":null}},"10":{"start":{"line":20,"column":28},"end":{"line":20,"column":null}},"11":{"start":{"line":21,"column":16},"end":{"line":21,"column":null}},"12":{"start":{"line":22,"column":16},"end":{"line":22,"column":null}},"13":{"start":{"line":28,"column":27},"end":{"line":28,"column":null}},"14":{"start":{"line":29,"column":8},"end":{"line":29,"column":null}},"15":{"start":{"line":30,"column":8},"end":{"line":30,"column":null}},"16":{"start":{"line":31,"column":8},"end":{"line":31,"column":null}},"17":{"start":{"line":33,"column":8},"end":{"line":48,"column":null}},"18":{"start":{"line":33,"column":21},"end":{"line":33,"column":24}},"19":{"start":{"line":34,"column":12},"end":{"line":47,"column":null}},"20":{"start":{"line":34,"column":25},"end":{"line":34,"column":28}},"21":{"start":{"line":35,"column":27},"end":{"line":35,"column":null}},"22":{"start":{"line":36,"column":27},"end":{"line":36,"column":null}},"23":{"start":{"line":37,"column":30},"end":{"line":37,"column":null}},"24":{"start":{"line":39,"column":16},"end":{"line":39,"column":null}},"25":{"start":{"line":40,"column":16},"end":{"line":40,"column":null}},"26":{"start":{"line":41,"column":16},"end":{"line":41,"column":null}},"27":{"start":{"line":42,"column":16},"end":{"line":42,"column":null}},"28":{"start":{"line":43,"column":16},"end":{"line":43,"column":null}},"29":{"start":{"line":44,"column":16},"end":{"line":44,"column":null}},"30":{"start":{"line":45,"column":16},"end":{"line":45,"column":null}},"31":{"start":{"line":46,"column":16},"end":{"line":46,"column":null}},"32":{"start":{"line":49,"column":8},"end":{"line":49,"column":null}},"33":{"start":{"line":53,"column":8},"end":{"line":53,"column":null}},"34":{"start":{"line":54,"column":8},"end":{"line":54,"column":null}},"35":{"start":{"line":55,"column":8},"end":{"line":55,"column":null}},"36":{"start":{"line":56,"column":8},"end":{"line":56,"column":null}},"37":{"start":{"line":58,"column":8},"end":{"line":81,"column":null}},"38":{"start":{"line":60,"column":16},"end":{"line":60,"column":null}},"39":{"start":{"line":61,"column":16},"end":{"line":61,"column":null}},"40":{"start":{"line":62,"column":16},"end":{"line":62,"column":null}},"41":{"start":{"line":63,"column":16},"end":{"line":63,"column":null}},"42":{"start":{"line":65,"column":16},"end":{"line":65,"column":null}},"43":{"start":{"line":66,"column":16},"end":{"line":66,"column":null}},"44":{"start":{"line":67,"column":16},"end":{"line":67,"column":null}},"45":{"start":{"line":68,"column":16},"end":{"line":68,"column":null}},"46":{"start":{"line":69,"column":16},"end":{"line":69,"column":null}},"47":{"start":{"line":70,"column":16},"end":{"line":70,"column":null}},"48":{"start":{"line":71,"column":16},"end":{"line":71,"column":null}},"49":{"start":{"line":74,"column":16},"end":{"line":74,"column":null}},"50":{"start":{"line":75,"column":16},"end":{"line":75,"column":null}},"51":{"start":{"line":76,"column":16},"end":{"line":76,"column":null}},"52":{"start":{"line":77,"column":16},"end":{"line":77,"column":null}},"53":{"start":{"line":78,"column":16},"end":{"line":78,"column":null}},"54":{"start":{"line":79,"column":16},"end":{"line":79,"column":null}},"55":{"start":{"line":80,"column":16},"end":{"line":80,"column":null}},"56":{"start":{"line":82,"column":8},"end":{"line":82,"column":null}}},"fnMap":{"0":{"name":"(anonymous_0)","decl":{"start":{"line":7,"column":4},"end":{"line":7,"column":24}},"loc":{"start":{"line":7,"column":55},"end":{"line":7,"column":null}},"line":7},"1":{"name":"(anonymous_1)","decl":{"start":{"line":9,"column":4},"end":{"line":9,"column":10}},"loc":{"start":{"line":9,"column":41},"end":{"line":11,"column":null}},"line":9},"2":{"name":"(anonymous_2)","decl":{"start":{"line":13,"column":4},"end":{"line":13,"column":24}},"loc":{"start":{"line":13,"column":95},"end":{"line":25,"column":null}},"line":13},"3":{"name":"(anonymous_3)","decl":{"start":{"line":27,"column":4},"end":{"line":27,"column":18}},"loc":{"start":{"line":27,"column":104},"end":{"line":50,"column":null}},"line":27},"4":{"name":"(anonymous_4)","decl":{"start":{"line":52,"column":4},"end":{"line":52,"column":13}},"loc":{"start":{"line":52,"column":56},"end":{"line":83,"column":null}},"line":52}},"branchMap":{"0":{"loc":{"start":{"line":52,"column":25},"end":{"line":52,"column":56}},"type":"default-arg","locations":[{"start":{"line":52,"column":44},"end":{"line":52,"column":56}}],"line":52},"1":{"loc":{"start":{"line":58,"column":8},"end":{"line":81,"column":null}},"type":"switch","locations":[{"start":{"line":59,"column":12},"end":{"line":63,"column":null}},{"start":{"line":64,"column":12},"end":{"line":71,"column":null}},{"start":{"line":72,"column":12},"end":{"line":72,"column":null}},{"start":{"line":73,"column":12},"end":{"line":80,"column":null}}],"line":58}},"s":{"0":10,"1":2,"2":0,"3":0,"4":0,"5":0,"6":0,"7":0,"8":0,"9":0,"10":0,"11":0,"12":0,"13":0,"14":0,"15":0,"16":0,"17":0,"18":0,"19":0,"20":0,"21":0,"22":0,"23":0,"24":0,"25":0,"26":0,"27":0,"28":0,"29":0,"30":0,"31":0,"32":0,"33":7,"34":7,"35":7,"36":7,"37":7,"38":1,"39":1,"40":1,"41":1,"42":1,"43":1,"44":1,"45":1,"46":1,"47":1,"48":1,"49":5,"50":5,"51":5,"52":5,"53":5,"54":5,"55":5,"56":7},"f":{"0":10,"1":2,"2":0,"3":0,"4":7},"b":{"0":[7],"1":[1,1,5,5]},"meta":{"lastBranch":2,"lastFunction":5,"lastStatement":57,"seen":{"f:7:4:7:24":0,"s:7:24:7:55":0,"f:9:4:9:10":1,"s:10:8:10:Infinity":1,"f:13:4:13:24":2,"s:14:27:14:Infinity":2,"s:15:8:24:Infinity":3,"s:15:21:15:24":4,"s:16:12:23:Infinity":5,"s:16:25:16:28":6,"s:17:27:17:Infinity":7,"s:18:27:18:Infinity":8,"s:19:22:19:Infinity":9,"s:20:28:20:Infinity":10,"s:21:16:21:Infinity":11,"s:22:16:22:Infinity":12,"f:27:4:27:18":3,"s:28:27:28:Infinity":13,"s:29:8:29:Infinity":14,"s:30:8:30:Infinity":15,"s:31:8:31:Infinity":16,"s:33:8:48:Infinity":17,"s:33:21:33:24":18,"s:34:12:47:Infinity":19,"s:34:25:34:28":20,"s:35:27:35:Infinity":21,"s:36:27:36:Infinity":22,"s:37:30:37:Infinity":23,"s:39:16:39:Infinity":24,"s:40:16:40:Infinity":25,"s:41:16:41:Infinity":26,"s:42:16:42:Infinity":27,"s:43:16:43:Infinity":28,"s:44:16:44:Infinity":29,"s:45:16:45:Infinity":30,"s:46:16:46:Infinity":31,"s:49:8:49:Infinity":32,"f:52:4:52:13":4,"b:52:44:52:56":0,"s:53:8:53:Infinity":33,"s:54:8:54:Infinity":34,"s:55:8:55:Infinity":35,"s:56:8:56:Infinity":36,"b:59:12:63:Infinity:64:12:71:Infinity:72:12:72:Infinity:73:12:80:Infinity":1,"s:58:8:81:Infinity":37,"s:60:16:60:Infinity":38,"s:61:16:61:Infinity":39,"s:62:16:62:Infinity":40,"s:63:16:63:Infinity":41,"s:65:16:65:Infinity":42,"s:66:16:66:Infinity":43,"s:67:16:67:Infinity":44,"s:68:16:68:Infinity":45,"s:69:16:69:Infinity":46,"s:70:16:70:Infinity":47,"s:71:16:71:Infinity":48,"s:74:16:74:Infinity":49,"s:75:16:75:Infinity":50,"s:76:16:76:Infinity":51,"s:77:16:77:Infinity":52,"s:78:16:78:Infinity":53,"s:79:16:79:Infinity":54,"s:80:16:80:Infinity":55,"s:82:8:82:Infinity":56}}}
}
